[21:39:58] [ServerMain/INFO]: [bootstrap] Running Java 21 (OpenJDK 64-Bit Server VM 21.0.7+6-Ubuntu-0ubuntu124.04; Ubuntu null) on Linux 6.8.0-1030-azure (amd64)
[21:39:58] [ServerMain/INFO]: [bootstrap] Loading Paper 1.21.4-232-ver/1.21.4@12d8fe0 (2025-06-09T10:15:42Z) for Minecraft 1.21.4
[21:39:59] [ServerMain/INFO]: [PluginInitializerManager] Initializing plugins...
[21:40:04] [ServerMain/INFO]: [PluginInitializerManager] Initialized 7 plugins
[21:40:04] [ServerMain/INFO]: [PluginInitializerManager] Bukkit plugins (7):
 - Geyser-Spigot (2.8.2-SNAPSHOT), GeyserExtras (2.0.0), SkinsRestorer (15.7.7), ViaBackwards (5.4.2), ViaRewind (4.0.9), ViaVersion (5.4.1), floodgate (2.2.4-SNAPSHOT (b118-40d320a))
[21:40:10] [ServerMain/INFO]: Environment: Environment[sessionHost=https://sessionserver.mojang.com, servicesHost=https://api.minecraftservices.com, name=PROD]
[21:40:11] [ServerMain/WARN]: Missing metadata in pack file/extension.zip
[21:40:11] [ServerMain/INFO]: Found new data pack file/Terralith_1.21_v2.5.8.zip, loading it automatically
[21:40:11] [ServerMain/INFO]: Found new data pack file/bukkit, loading it automatically
[21:40:11] [ServerMain/INFO]: Found new data pack file/dynamiclights-v1.8.8-mc1.17-1.21.7-datapack.zip, loading it automatically
[21:40:11] [ServerMain/INFO]: Found new data pack paper, loading it automatically
[21:40:14] [ServerMain/INFO]: No existing world data, creating new world
[21:40:15] [ServerMain/INFO]: Loaded 1376 recipes
[21:40:15] [ServerMain/INFO]: Loaded 1484 advancements
[21:40:15] [ServerMain/INFO]: [MCTypeRegistry] Initialising converters for DataConverter...
[21:40:16] [ServerMain/INFO]: [MCTypeRegistry] Finished initialising converters for DataConverter in 289.1ms
[21:40:16] [Server thread/INFO]: Starting minecraft server version 1.21.4
[21:40:16] [Server thread/INFO]: Loading properties
[21:40:16] [Server thread/INFO]: This server is running Paper version 1.21.4-232-ver/1.21.4@12d8fe0 (2025-06-09T10:15:42Z) (Implementing API version 1.21.4-R0.1-SNAPSHOT)
[21:40:16] [Server thread/INFO]: [spark] This server bundles the spark profiler. For more information please visit https://docs.papermc.io/paper/profiling
[21:40:16] [Server thread/INFO]: Server Ping Player Sample Count: 12
[21:40:16] [Server thread/INFO]: Using 4 threads for Netty based IO
[21:40:18] [Server thread/INFO]: [MoonriseCommon] Paper is using 1 worker threads, 1 I/O threads
[21:40:18] [Server thread/INFO]: [ChunkTaskScheduler] Chunk system is using population gen parallelism: true
[21:40:18] [Server thread/INFO]: Default game type: SURVIVAL
[21:40:18] [Server thread/INFO]: Generating keypair
[21:40:18] [Server thread/INFO]: Starting Minecraft server on *:25565
[21:40:19] [Server thread/INFO]: Using epoll channel type
[21:40:19] [Server thread/INFO]: Paper: Using libdeflate (Linux x86_64) compression from Velocity.
[21:40:19] [Server thread/INFO]: Paper: Using OpenSSL 3.x.x (Linux x86_64) cipher from Velocity.
[21:40:20] [Server thread/INFO]: [floodgate] Loading server plugin floodgate v2.2.4-SNAPSHOT (b118-40d320a)
[21:40:21] [Server thread/WARN]: [floodgate] en_ is not a supported Floodgate language.
[21:40:21] [Server thread/INFO]: [floodgate] Took 1,342ms to boot Floodgate
[21:40:21] [Server thread/INFO]: [ViaVersion] Loading server plugin ViaVersion v5.4.1
[21:40:21] [Server thread/INFO]: [ViaVersion] ViaVersion 5.4.1 is now loaded. Registering protocol transformers and injecting...
[21:40:22] [Via-Mappingloader-0/INFO]: [ViaVersion] Loading block connection mappings ...
[21:40:22] [Via-Mappingloader-0/INFO]: [ViaVersion] Using FastUtil Long2ObjectOpenHashMap for block connections
[21:40:23] [Server thread/INFO]: [ViaBackwards] Loading translations...
[21:40:23] [Server thread/INFO]: [ViaBackwards] Registering protocols...
[21:40:24] [Server thread/INFO]: [ViaRewind] Registering protocols...
[21:40:24] [Server thread/INFO]: [Geyser-Spigot] Loading server plugin Geyser-Spigot v2.8.2-SNAPSHOT
[21:40:25] [Server thread/INFO]: [Geyser-Spigot] Loading extensions...
[21:40:25] [Server thread/INFO]: [Geyser-Spigot] Loaded 0 extension(s)
[21:40:25] [Server thread/INFO]: [ViaBackwards] Loading server plugin ViaBackwards v5.4.2
[21:40:25] [Server thread/INFO]: [GeyserExtras] Loading server plugin GeyserExtras v2.0.0
[21:40:25] [Server thread/INFO]: [ViaRewind] Loading server plugin ViaRewind v4.0.9
[21:40:25] [Server thread/INFO]: [SkinsRestorer] Loading server plugin SkinsRestorer v15.7.7
[21:40:25] [Server thread/INFO]: Server permissions file permissions.yml is empty, ignoring it
[21:40:25] [Server thread/INFO]: [ViaRewind] Enabling ViaRewind v4.0.9
[21:40:25] [Server thread/INFO]: [SkinsRestorer] Enabling SkinsRestorer v15.7.7
[21:40:26] [Server thread/INFO]: [SkinsRestorer] Running on Minecraft 1.21.4.
[21:40:26] [Server thread/INFO]: [SkinsRestorer] Floodgate skin listener registered
[21:40:27] [Server thread/INFO]: [SkinsRestorer] Using paper join listener!
[21:40:27] [Server thread/WARN]: **** SERVER IS RUNNING IN OFFLINE/INSECURE MODE!
[21:40:27] [Server thread/WARN]: The server will make no attempt to authenticate usernames. Beware.
[21:40:27] [Server thread/WARN]: While this makes the game possible to play without internet access, it also opens up the ability for hackers to connect with any username they choose.
[21:40:27] [Server thread/WARN]: To change this, set "online-mode" to "true" in the server.properties file.
[21:40:27] [Server thread/INFO]: Preparing level "world"
[21:40:27] [Folia Async Scheduler Thread #1/INFO]: [SkinsRestorer] ----------------------------------------------
[21:40:27] [Folia Async Scheduler Thread #1/INFO]: [SkinsRestorer]     +==================+
[21:40:27] [Folia Async Scheduler Thread #1/INFO]: [SkinsRestorer]     |   SkinsRestorer  |
[21:40:27] [Folia Async Scheduler Thread #1/INFO]: [SkinsRestorer]     |------------------|
[21:40:27] [Folia Async Scheduler Thread #1/INFO]: [SkinsRestorer]     |  Standalone Mode |
[21:40:27] [Folia Async Scheduler Thread #1/INFO]: [SkinsRestorer]     +==================+
[21:40:27] [Folia Async Scheduler Thread #1/INFO]: [SkinsRestorer] ----------------------------------------------
[21:40:27] [Folia Async Scheduler Thread #1/INFO]: [SkinsRestorer]     Version: 15.7.7
[21:40:27] [Folia Async Scheduler Thread #1/INFO]: [SkinsRestorer]     Commit: 7eff058
[21:40:27] [Folia Async Scheduler Thread #1/INFO]: [SkinsRestorer]     This is the latest version!
[21:40:27] [Folia Async Scheduler Thread #1/INFO]: [SkinsRestorer] ----------------------------------------------
[21:40:27] [Folia Async Scheduler Thread #1/INFO]: [SkinsRestorer] Do you have issues? Read our troubleshooting guide: https://skinsrestorer.net/docs/troubleshooting
[21:40:27] [Folia Async Scheduler Thread #1/INFO]: [SkinsRestorer] Want to support SkinsRestorer? Consider donating: https://skinsrestorer.net/donate
[21:40:48] [Server thread/INFO]: Preparing start region for dimension minecraft:overworld
[21:40:48] [Server thread/INFO]: Preparing spawn area: 2%
[21:40:48] [Server thread/INFO]: Preparing spawn area: 2%
[21:40:49] [Server thread/INFO]: Preparing spawn area: 2%
[21:40:49] [Server thread/INFO]: Preparing spawn area: 2%
[21:40:50] [Server thread/INFO]: Preparing spawn area: 2%
[21:40:50] [Server thread/INFO]: Preparing spawn area: 2%
[21:40:51] [Server thread/INFO]: Preparing spawn area: 2%
[21:40:51] [Server thread/INFO]: Preparing spawn area: 2%
[21:40:52] [Server thread/INFO]: Preparing spawn area: 2%
[21:40:52] [Server thread/INFO]: Preparing spawn area: 2%
[21:40:53] [Server thread/INFO]: Preparing spawn area: 2%
[21:40:53] [Server thread/INFO]: Preparing spawn area: 2%
[21:40:54] [Server thread/INFO]: Preparing spawn area: 4%
[21:40:54] [Server thread/INFO]: Preparing spawn area: 16%
[21:40:55] [Server thread/INFO]: Preparing spawn area: 18%
[21:40:55] [Server thread/INFO]: Preparing spawn area: 18%
[21:40:56] [Server thread/INFO]: Preparing spawn area: 18%
[21:40:56] [Server thread/INFO]: Preparing spawn area: 18%
[21:40:57] [Server thread/INFO]: Preparing spawn area: 18%
[21:40:57] [Server thread/INFO]: Preparing spawn area: 18%
[21:40:58] [Server thread/INFO]: Preparing spawn area: 18%
[21:40:58] [Server thread/INFO]: Preparing spawn area: 18%
[21:40:59] [Server thread/INFO]: Preparing spawn area: 18%
[21:40:59] [Server thread/INFO]: Preparing spawn area: 28%
[21:41:00] [Server thread/INFO]: Preparing spawn area: 36%
[21:41:00] [Server thread/INFO]: Preparing spawn area: 36%
[21:41:01] [Server thread/INFO]: Preparing spawn area: 51%
[21:41:01] [Server thread/INFO]: Preparing spawn area: 51%
[21:41:02] [Server thread/INFO]: Preparing spawn area: 59%
[21:41:02] [Server thread/INFO]: Preparing spawn area: 59%
[21:41:03] [Server thread/INFO]: Preparing spawn area: 59%
[21:41:03] [Server thread/INFO]: Preparing spawn area: 59%
[21:41:04] [Server thread/INFO]: Preparing spawn area: 59%
[21:41:04] [Server thread/INFO]: Preparing spawn area: 59%
[21:41:05] [Server thread/INFO]: Preparing spawn area: 61%
[21:41:05] [Server thread/INFO]: Preparing spawn area: 61%
[21:41:05] [Server thread/INFO]: Time elapsed: 17620 ms
[21:41:05] [Server thread/INFO]: Preparing start region for dimension minecraft:the_nether
[21:41:05] [Server thread/INFO]: Preparing spawn area: 0%
[21:41:06] [Server thread/INFO]: Time elapsed: 390 ms
[21:41:06] [Server thread/INFO]: Preparing start region for dimension minecraft:the_end
[21:41:06] [Server thread/INFO]: Preparing spawn area: 0%
[21:41:06] [Server thread/INFO]: Time elapsed: 109 ms
[21:41:06] [Server thread/INFO]: [floodgate] Enabling floodgate v2.2.4-SNAPSHOT (b118-40d320a)
[21:41:06] [Server thread/INFO]: [ViaVersion] Enabling ViaVersion v5.4.1
[21:41:06] [Server thread/INFO]: [ViaVersion] ViaVersion detected server version: 1.21.4 (769)
[21:41:06] [Server thread/INFO]: [Geyser-Spigot] Enabling Geyser-Spigot v2.8.2-SNAPSHOT
[21:41:08] [Server thread/INFO]: [ViaBackwards] Enabling ViaBackwards v5.4.2
[21:41:08] [Server thread/INFO]: [GeyserExtras] Enabling GeyserExtras v2.0.0
[21:41:08] [Server thread/INFO]: [GeyserExtras] --------------GeyserExtras--------------
[21:41:08] [Server thread/INFO]: [GeyserExtras] Version: 2.0.0-BETA-6
[21:41:08] [Server thread/INFO]: [GeyserExtras] Server Type: SPIGOT
[21:41:08] [Server thread/INFO]: [GeyserExtras] Platform Type: Spigot
[21:41:08] [Server thread/INFO]: [GeyserExtras] Floodgate installed: Yes
[21:41:08] [Server thread/INFO]: [GeyserExtras] Loading config...
[21:41:08] [Server thread/WARN]: [GeyserExtras] WARNING: Floodgate is installed, so GeyserExtras Settings will not
[21:41:08] [Server thread/WARN]: [GeyserExtras] show up in the Game Settings menu due to how forms work on GeyserMC.
[21:41:08] [Server thread/WARN]: [GeyserExtras] If you want a temporary work around to this, use Geyser-Standalone,
[21:41:08] [Server thread/WARN]: [GeyserExtras] otherwise a notification toast will show up informing players that
[21:41:08] [Server thread/WARN]: [GeyserExtras] they will have to double tap inventory.
[21:41:09] [Server thread/INFO]: [GeyserExtras] Registering events...
[21:41:10] [Server thread/INFO]: [spark] Starting background profiler...
[21:41:10] [Thread-10/WARN]: [GeyserExtras] GeyserExtras is on the latest version.
[21:41:11] [Server thread/INFO]: [Geyser-Spigot] ******************************************
[21:41:11] [Server thread/INFO]: [Geyser-Spigot] 
[21:41:11] [Server thread/INFO]: [Geyser-Spigot] Loading Geyser version 2.8.2-b894 (git-master-4746651)
[21:41:11] [Server thread/INFO]: [Geyser-Spigot] 
[21:41:11] [Server thread/INFO]: [Geyser-Spigot] ******************************************
[21:41:15] [GeyserServer-3-1/INFO]: [Geyser-Spigot] Started Geyser on UDP port 19132
[21:41:15] [Server thread/INFO]: [GeyserExtras] Initializing cache...
[21:41:16] [Server thread/INFO]: [GeyserExtras] Loading cache...
[21:41:16] [Server thread/INFO]: [GeyserExtras] Loading resources...
[21:41:16] [Server thread/INFO]: [GeyserExtras] Checking for pack updates...
[21:41:16] [Server thread/INFO]: [GeyserExtras] Loading resources...
[21:41:16] [Server thread/INFO]: [GeyserExtras] Loading Emote Data...
[21:41:16] [Server thread/INFO]: [GeyserExtras] Done! (8.144s)
[21:41:16] [Server thread/INFO]: [GeyserExtras] ----------------------------------------
[21:41:16] [Server thread/INFO]: [Geyser-Spigot] Done (5.048s)! Run /geyser help for help!
[21:41:16] [Server thread/INFO]: Done preparing level "world" (49.476s)
[21:41:16] [Server thread/INFO]: Running delayed init tasks
[21:41:16] [Server thread/INFO]: Done (79.920s)! For help, type "help"
[21:41:16] [Craft Scheduler Thread - 5 - ViaVersion/INFO]: [ViaVersion] Finished mapping loading, shutting down loader executor.
[21:41:17] [Server thread/WARN]: [ViaVersion] There is a newer plugin version available: 5.4.2, you're on: 5.4.1
[21:41:54] [Server thread/INFO]: TPS from last 1m, 5m, 15m: 20.0, 20.0, 20.0
[21:42:16] [Server thread/INFO]: Server empty for 60 seconds, pausing
[21:47:23] [User Authenticator #0/INFO]: UUID of player Daniel is d050033d-d943-35db-933f-15700cf9924e
[21:47:25] [Server thread/INFO]: Daniel joined the game
[21:47:25] [Server thread/INFO]: Daniel[/[0:0:0:0:0:0:0:1]:33940] logged in with entity id 53 at ([world]-28.5, 71.0, 26.5)
[21:47:32] [Server thread/INFO]: Daniel issued server command: /gamemode creative
[21:47:32] [Server thread/INFO]: [Daniel: Set own game mode to Creative Mode]
[21:47:45] [Server thread/INFO]: Daniel issued server command: /tps
[21:47:59] [Server thread/INFO]: Daniel issued server command: /tps
[21:48:10] [Server thread/INFO]: Daniel issued server command: /data
[21:48:16] [Server thread/INFO]: Daniel issued server command: /data
[21:48:25] [Server thread/INFO]: Daniel issued server command: /datapack
[21:48:30] [Server thread/INFO]: Daniel issued server command: /datapack list
[21:48:30] [Server thread/WARN]: Missing metadata in pack file/extension.zip
[21:48:30] [Server thread/WARN]: Missing metadata in pack file/extension.zip
[21:50:25] [Server thread/INFO]: Daniel lost connection: Disconnected
[21:50:25] [Server thread/INFO]: Daniel left the game
[21:51:25] [Server thread/INFO]: Server empty for 60 seconds, pausing
[21:55:55] [Server thread/INFO]: Stopping the server
[21:55:55] [Server thread/INFO]: Stopping server
[21:55:55] [Server thread/INFO]: [SkinsRestorer] Disabling SkinsRestorer v15.7.7
[21:55:55] [Server thread/INFO]: [ViaRewind] Disabling ViaRewind v4.0.9
[21:55:55] [Server thread/INFO]: [GeyserExtras] Disabling GeyserExtras v2.0.0
[21:55:55] [Server thread/INFO]: [ViaBackwards] Disabling ViaBackwards v5.4.2
[21:55:55] [Server thread/INFO]: [Geyser-Spigot] Disabling Geyser-Spigot v2.8.2-SNAPSHOT
[21:55:55] [Server thread/INFO]: [Geyser-Spigot] Shutting down Geyser.
[21:55:55] [Server thread/INFO]: [Geyser-Spigot] Geyser shutdown successfully.
[21:55:55] [Server thread/INFO]: [ViaVersion] Disabling ViaVersion v5.4.1
[21:55:55] [Server thread/INFO]: [ViaVersion] ViaVersion has been disabled; uninjected the platform and shut down the scheduler.
[21:55:55] [Server thread/INFO]: [floodgate] Disabling floodgate v2.2.4-SNAPSHOT (b118-40d320a)
[21:55:56] [Server thread/INFO]: Saving players
[21:55:56] [WebSocketConnectReadThread-97/INFO]: [Geyser-Spigot] The skin uploader has been closed
[21:55:56] [Server thread/INFO]: Saving worlds
[21:55:56] [Server thread/INFO]: Saving chunks for level 'ServerLevel[world]'/minecraft:overworld
[21:55:56] [Server thread/INFO]: [ChunkHolderManager] Waiting 60s for chunk system to halt for world 'world'
[21:55:56] [Server thread/INFO]: [ChunkHolderManager] Halted chunk system for world 'world'
[21:55:56] [Server thread/INFO]: [ChunkHolderManager] Saving all chunkholders for world 'world'
[21:55:56] [Server thread/INFO]: [ChunkHolderManager] Saved 453 block chunks, 100 entity chunks, 0 poi chunks in world 'world' in 0.70s
[21:55:56] [Server thread/INFO]: [ChunkHolderManager] Waiting 60s for chunk I/O to halt for world 'world'
[21:55:56] [Server thread/INFO]: [ChunkHolderManager] Halted I/O scheduler for world 'world'
[21:55:57] [Server thread/INFO]: Saving chunks for level 'ServerLevel[world_nether]'/minecraft:the_nether
[21:55:57] [Server thread/INFO]: [ChunkHolderManager] Waiting 60s for chunk system to halt for world 'world_nether'
[21:55:57] [Server thread/INFO]: [ChunkHolderManager] Halted chunk system for world 'world_nether'
[21:55:57] [Server thread/INFO]: [ChunkHolderManager] Saving all chunkholders for world 'world_nether'
[21:55:57] [Server thread/INFO]: [ChunkHolderManager] Saved 0 block chunks, 0 entity chunks, 0 poi chunks in world 'world_nether' in 0.00s
[21:55:57] [Server thread/INFO]: [ChunkHolderManager] Waiting 60s for chunk I/O to halt for world 'world_nether'
[21:55:57] [Server thread/INFO]: [ChunkHolderManager] Halted I/O scheduler for world 'world_nether'
[21:55:57] [Server thread/INFO]: Saving chunks for level 'ServerLevel[world_the_end]'/minecraft:the_end
[21:55:57] [Server thread/INFO]: [ChunkHolderManager] Waiting 60s for chunk system to halt for world 'world_the_end'
[21:55:57] [Server thread/INFO]: [ChunkHolderManager] Halted chunk system for world 'world_the_end'
[21:55:57] [Server thread/INFO]: [ChunkHolderManager] Saving all chunkholders for world 'world_the_end'
[21:55:57] [Server thread/INFO]: [ChunkHolderManager] Saved 0 block chunks, 0 entity chunks, 0 poi chunks in world 'world_the_end' in 0.00s
[21:55:57] [Server thread/INFO]: [ChunkHolderManager] Waiting 60s for chunk I/O to halt for world 'world_the_end'
[21:55:57] [Server thread/INFO]: [ChunkHolderManager] Halted I/O scheduler for world 'world_the_end'
[21:55:57] [Server thread/INFO]: ThreadedAnvilChunkStorage (world): All chunks are saved
[21:55:57] [Server thread/INFO]: ThreadedAnvilChunkStorage (DIM-1): All chunks are saved
[21:55:57] [Server thread/INFO]: ThreadedAnvilChunkStorage (DIM1): All chunks are saved
[21:55:57] [Server thread/INFO]: ThreadedAnvilChunkStorage: All dimensions are saved
[21:55:57] [Server thread/INFO]: Waiting for I/O tasks to complete...
[21:55:57] [Server thread/INFO]: All I/O tasks to complete
[21:55:57] [Server thread/INFO]: [MoonriseCommon] Awaiting termination of worker pool for up to 60s...
[21:55:57] [Server thread/INFO]: [MoonriseCommon] Awaiting termination of I/O pool for up to 60s...
